<?xml version="1.0" encoding="UTF-8"?>
<!-- Generated by org.testng.reporters.JUnitXMLReporter -->
<testsuite ignored="0" hostname="Nagas" failures="0" tests="5" name="Surefire test" time="52.957" errors="0" timestamp="2026-02-21T16:04:21 IST">
  <testcase classname="io.cucumber.testng.AbstractTestNGCucumberTests" name="runScenario" time="11.004"/>
  <testcase classname="io.cucumber.testng.AbstractTestNGCucumberTests" name="runScenario" time="10.696"/>
  <testcase classname="SoftwareTesting.Test.SubmitOrderTest" name="submitOrder" time="5.949"/>
  <testcase classname="SoftwareTesting.Test.SubmitOrderTest" name="submitOrder" time="5.977"/>
  <testcase classname="SoftwareTesting.Test.SubmitOrderTest" name="orderHistoryTest" time="1.099"/>
</testsuite> <!-- Surefire test -->
