<?xml version="1.0" encoding="UTF-8"?>
<!-- Generated by org.testng.reporters.JUnitXMLReporter -->
<testsuite ignored="0" hostname="Nagas" failures="1" tests="3" name="Demo" time="31.403" errors="0" timestamp="2026-02-05T19:17:54 IST">
  <testcase classname="SoftwareTesting.Test.SubmitOrderTest" name="submitOrder" time="3.496">
    <failure type="org.openqa.selenium.ElementClickInterceptedException" message="element click intercepted: Element is not clickable at point (607, 787)
  (Session info: chrome=144.0.7559.110)
Build info: version: &amp;apos;4.22.0&amp;apos;, revision: &amp;apos;c5f3146703*&amp;apos;
System info: os.name: &amp;apos;Windows 11&amp;apos;, os.arch: &amp;apos;amd64&amp;apos;, os.version: &amp;apos;10.0&amp;apos;, java.version: &amp;apos;21.0.9&amp;apos;
Driver info: org.openqa.selenium.chrome.ChromeDriver
Command: [562ac5644d86d51fd93524aff91388c9, clickElement {id=f.50225B0D6D433929A7FA0D0A61BF2758.d.B13E500F0E46ED3B0EB31BB88CB4E739.e.80}]
Capabilities {acceptInsecureCerts: false, browserName: chrome, browserVersion: 144.0.7559.110, chrome: {chromedriverVersion: 144.0.7559.133 (7da823b1d59..., userDataDir: C:\Users\dell\AppData\Local...}, fedcm:accounts: true, goog:chromeOptions: {debuggerAddress: localhost:57042}, goog:processID: 32936, networkConnectionEnabled: false, pageLoadStrategy: normal, platformName: windows, proxy: Proxy(), se:cdp: ws://localhost:57042/devtoo..., se:cdpVersion: 144.0.7559.110, setWindowRect: true, strictFileInteractability: false, timeouts: {implicit: 0, pageLoad: 300000, script: 30000}, unhandledPromptBehavior: dismiss and notify, webauthn:extension:credBlob: true, webauthn:extension:largeBlob: true, webauthn:extension:minPinLength: true, webauthn:extension:prf: true, webauthn:virtualAuthenticators: true}
Element: [[[[ChromeDriver: chrome on windows (562ac5644d86d51fd93524aff91388c9)] -&amp;gt; css selector: .mb-3]] -&amp;gt; css selector: .mb-3 button:last-of-type]
Session ID: 562ac5644d86d51fd93524aff91388c9">
      <![CDATA[org.openqa.selenium.ElementClickInterceptedException: element click intercepted: Element is not clickable at point (607, 787)
  (Session info: chrome=144.0.7559.110)
Build info: version: '4.22.0', revision: 'c5f3146703*'
System info: os.name: 'Windows 11', os.arch: 'amd64', os.version: '10.0', java.version: '21.0.9'
Driver info: org.openqa.selenium.chrome.ChromeDriver
Command: [562ac5644d86d51fd93524aff91388c9, clickElement {id=f.50225B0D6D433929A7FA0D0A61BF2758.d.B13E500F0E46ED3B0EB31BB88CB4E739.e.80}]
Capabilities {acceptInsecureCerts: false, browserName: chrome, browserVersion: 144.0.7559.110, chrome: {chromedriverVersion: 144.0.7559.133 (7da823b1d59..., userDataDir: C:\Users\dell\AppData\Local...}, fedcm:accounts: true, goog:chromeOptions: {debuggerAddress: localhost:57042}, goog:processID: 32936, networkConnectionEnabled: false, pageLoadStrategy: normal, platformName: windows, proxy: Proxy(), se:cdp: ws://localhost:57042/devtoo..., se:cdpVersion: 144.0.7559.110, setWindowRect: true, strictFileInteractability: false, timeouts: {implicit: 0, pageLoad: 300000, script: 30000}, unhandledPromptBehavior: dismiss and notify, webauthn:extension:credBlob: true, webauthn:extension:largeBlob: true, webauthn:extension:minPinLength: true, webauthn:extension:prf: true, webauthn:virtualAuthenticators: true}
Element: [[[[ChromeDriver: chrome on windows (562ac5644d86d51fd93524aff91388c9)] -> css selector: .mb-3]] -> css selector: .mb-3 button:last-of-type]
Session ID: 562ac5644d86d51fd93524aff91388c9
at org.openqa.selenium.remote.ErrorCodec.decode(ErrorCodec.java:167)
at org.openqa.selenium.remote.codec.w3c.W3CHttpResponseCodec.decode(W3CHttpResponseCodec.java:138)
at org.openqa.selenium.remote.codec.w3c.W3CHttpResponseCodec.decode(W3CHttpResponseCodec.java:50)
at org.openqa.selenium.remote.HttpCommandExecutor.execute(HttpCommandExecutor.java:190)
at org.openqa.selenium.remote.service.DriverCommandExecutor.invokeExecute(DriverCommandExecutor.java:216)
at org.openqa.selenium.remote.service.DriverCommandExecutor.execute(DriverCommandExecutor.java:174)
at org.openqa.selenium.remote.RemoteWebDriver.execute(RemoteWebDriver.java:518)
at org.openqa.selenium.remote.RemoteWebElement.execute(RemoteWebElement.java:223)
at org.openqa.selenium.remote.RemoteWebElement.click(RemoteWebElement.java:76)
at SoftwareTesting.pageObjects.ProductCatalogue.addProductToCart(ProductCatalogue.java:58)
at SoftwareTesting.Test.SubmitOrderTest.submitOrder(SubmitOrderTest.java:38)
at java.base/java.util.ArrayList.forEach(ArrayList.java:1596)
... Removed 28 stack frames]]>
    </failure>
  </testcase> <!-- submitOrder -->
  <testcase classname="SoftwareTesting.Test.SubmitOrderTest" name="submitOrder" time="16.753"/>
  <testcase classname="SoftwareTesting.Test.SubmitOrderTest" name="orderHistoryTest" time="0.0">
    <skipped/>
  </testcase> <!-- orderHistoryTest -->
</testsuite> <!-- Demo -->
