<?xml version="1.0" encoding="UTF-8"?>
<!-- Generated by org.testng.reporters.JUnitXMLReporter -->
<testsuite ignored="1" hostname="Nagas" failures="0" tests="2" name="Submit" time="17.029" errors="0" timestamp="2026-02-21T15:19:09 IST">
  <testcase classname="SoftwareTesting.Test.SubmitOrderTest" name="submitOrder" time="5.306"/>
  <testcase classname="SoftwareTesting.Test.SubmitOrderTest" name="submitOrder" time="5.041"/>
  <testcase classname="SoftwareTesting.Test.SubmitOrderTest" name="orderHistoryTest" time="0.0">
    <ignored/>
  </testcase> <!-- orderHistoryTest -->
</testsuite> <!-- Submit -->
