<?xml version="1.0" encoding="UTF-8"?>
<!-- Generated by org.testng.reporters.JUnitXMLReporter -->
<testsuite ignored="0" hostname="Nagas" failures="1" tests="1" name="Test" time="4.454" errors="0" timestamp="2025-12-20T21:53:31 IST">
  <testcase classname="SoftwareTesting.Test.ErrorValidation" name="submitOrder" time="0.559">
    <failure type="java.lang.AssertionError" message="expected [Login Successfully] but found [Incorrect email or password.]">
      <![CDATA[java.lang.AssertionError: expected [Login Successfully] but found [Incorrect email or password.]
at SoftwareTesting.Test.ErrorValidation.submitOrder(ErrorValidation.java:33)
at java.base/java.util.ArrayList.forEach(ArrayList.java:1596)
... Removed 31 stack frames]]>
    </failure>
  </testcase> <!-- submitOrder -->
</testsuite> <!-- Test -->
