<?xml version="1.0" encoding="UTF-8"?>
<testng-results ignored="2" total="4" passed="2" failed="0" skipped="0">
  <reporter-output>
  </reporter-output>
  <suite started-at="2026-02-21T15:18:51 IST" name="Suite" finished-at="2026-02-21T15:19:09 IST" duration-ms="17029">
    <groups>
      <group name="Purchase">
        <method signature="SubmitOrderTest.submitOrder(java.util.HashMap)[pri:0, instance:SoftwareTesting.Test.SubmitOrderTest@a1cdc6d]" name="submitOrder" class="SoftwareTesting.Test.SubmitOrderTest"/>
      </group> <!-- Purchase -->
    </groups>
    <test started-at="2026-02-21T15:18:51 IST" name="Error" finished-at="2026-02-21T15:18:51 IST" duration-ms="15">
    </test> <!-- Error -->
    <test started-at="2026-02-21T15:18:51 IST" name="Submit" finished-at="2026-02-21T15:19:09 IST" duration-ms="17029">
      <class name="SoftwareTesting.Test.SubmitOrderTest">
        <test-method is-config="true" signature="lanchapplaication()[pri:0, instance:SoftwareTesting.Test.SubmitOrderTest@a1cdc6d]" started-at="2026-02-21T15:18:52 IST" name="lanchapplaication" finished-at="2026-02-21T15:18:56 IST" duration-ms="3708" status="PASS">
          <reporter-output>
          </reporter-output>
        </test-method> <!-- lanchapplaication -->
        <test-method signature="submitOrder(java.util.HashMap)[pri:0, instance:SoftwareTesting.Test.SubmitOrderTest@a1cdc6d]" started-at="2026-02-21T15:18:56 IST" name="submitOrder" data-provider="getdata" finished-at="2026-02-21T15:19:01 IST" duration-ms="5306" status="PASS">
          <params>
            <param index="0">
              <value>
                <![CDATA[{password=Naga@1212, product=ZARA COAT 3, email=testing1212@gmail.com}]]>
              </value>
            </param>
          </params>
          <reporter-output>
          </reporter-output>
        </test-method> <!-- submitOrder -->
        <test-method is-config="true" signature="ClosePage()[pri:0, instance:SoftwareTesting.Test.SubmitOrderTest@a1cdc6d]" started-at="2026-02-21T15:19:01 IST" name="ClosePage" finished-at="2026-02-21T15:19:01 IST" duration-ms="0" status="PASS">
          <reporter-output>
          </reporter-output>
        </test-method> <!-- ClosePage -->
        <test-method is-config="true" signature="lanchapplaication()[pri:0, instance:SoftwareTesting.Test.SubmitOrderTest@a1cdc6d]" started-at="2026-02-21T15:19:01 IST" name="lanchapplaication" finished-at="2026-02-21T15:19:03 IST" duration-ms="2626" status="PASS">
          <reporter-output>
          </reporter-output>
        </test-method> <!-- lanchapplaication -->
        <test-method signature="submitOrder(java.util.HashMap)[pri:0, instance:SoftwareTesting.Test.SubmitOrderTest@a1cdc6d]" started-at="2026-02-21T15:19:03 IST" name="submitOrder" data-provider="getdata" finished-at="2026-02-21T15:19:09 IST" duration-ms="5041" status="PASS">
          <params>
            <param index="0">
              <value>
                <![CDATA[{password=Naga@1212, product=ADIDAS ORIGINAL, email=testing121212@gmail.com}]]>
              </value>
            </param>
          </params>
          <reporter-output>
          </reporter-output>
        </test-method> <!-- submitOrder -->
        <test-method is-config="true" signature="ClosePage()[pri:0, instance:SoftwareTesting.Test.SubmitOrderTest@a1cdc6d]" started-at="2026-02-21T15:19:09 IST" name="ClosePage" finished-at="2026-02-21T15:19:09 IST" duration-ms="0" status="PASS">
          <reporter-output>
          </reporter-output>
        </test-method> <!-- ClosePage -->
      </class> <!-- SoftwareTesting.Test.SubmitOrderTest -->
    </test> <!-- Submit -->
  </suite> <!-- Suite -->
</testng-results>
