<?xml version="1.0" encoding="UTF-8"?>
<!-- Generated by org.testng.reporters.JUnitReportReporter -->
<testsuite hostname="Nagas" failures="0" tests="2" name="SoftwareTesting.Test.SubmitOrderTest" time="16.681" errors="0" timestamp="2026-02-21T15:19:09 IST" skipped="0">
  <testcase classname="SoftwareTesting.Test.SubmitOrderTest" name="submitOrder" time="9.014"/>
  <testcase classname="SoftwareTesting.Test.SubmitOrderTest" name="submitOrder" time="7.667"/>
</testsuite> <!-- SoftwareTesting.Test.SubmitOrderTest -->
